-- Found ament_cmake: 1.3.11 (/opt/ros/humble/share/ament_cmake/cmake)
-- Override CMake install command with custom implementation using symlinks instead of copying resources
-- Found rclcpp: 16.0.12 (/opt/ros/humble/share/rclcpp/cmake)
-- Found rosidl_generator_c: 3.1.6 (/opt/ros/humble/share/rosidl_generator_c/cmake)
-- Found rosidl_adapter: 3.1.6 (/opt/ros/humble/share/rosidl_adapter/cmake)
-- Found rosidl_generator_cpp: 3.1.6 (/opt/ros/humble/share/rosidl_generator_cpp/cmake)
-- Using all available rosidl_typesupport_c: rosidl_typesupport_fastrtps_c;rosidl_typesupport_introspection_c
-- Using all available rosidl_typesupport_cpp: rosidl_typesupport_fastrtps_cpp;rosidl_typesupport_introspection_cpp
-- Found rmw_implementation_cmake: 6.1.2 (/opt/ros/humble/share/rmw_implementation_cmake/cmake)
-- Found rmw_fastrtps_cpp: 6.2.7 (/opt/ros/humble/share/rmw_fastrtps_cpp/cmake)
-- Using RMW implementation 'rmw_fastrtps_cpp' as default
-- Found ros_gz_sim: 0.244.16 (/opt/ros/humble/share/ros_gz_sim/cmake)
-- Found ros_gz_bridge: 0.244.16 (/opt/ros/humble/share/ros_gz_bridge/cmake)
-- Found Protobuf: /usr/lib/x86_64-linux-gnu/libprotobuf.so (found suitable version "3.12.4", minimum required is "3") 
-- Found Protobuf: /usr/lib/x86_64-linux-gnu/libprotobuf.so (found version "3.12.4") 
-- Configuring done
-- Generating done
-- Build files have been written to: /home/mouad/drone_ws/build/my_drone
-- Install configuration: ""
-- Execute custom install script
-- Symlinking: /home/mouad/drone_ws/install/my_drone/share/my_drone/launch/drone_sim.launch.py
-- Symlinking: /home/mouad/drone_ws/install/my_drone/share/my_drone/models/my_drone/model.config
-- Symlinking: /home/mouad/drone_ws/install/my_drone/share/my_drone/models/my_drone/model.sdf
-- Symlinking: /home/mouad/drone_ws/install/my_drone/share/ament_index/resource_index/package_run_dependencies/my_drone
-- Symlinking: /home/mouad/drone_ws/install/my_drone/share/ament_index/resource_index/parent_prefix_path/my_drone
-- Symlinking: /home/mouad/drone_ws/install/my_drone/share/my_drone/environment/ament_prefix_path.sh
-- Symlinking: /home/mouad/drone_ws/install/my_drone/share/my_drone/environment/ament_prefix_path.dsv
-- Symlinking: /home/mouad/drone_ws/install/my_drone/share/my_drone/environment/path.sh
-- Symlinking: /home/mouad/drone_ws/install/my_drone/share/my_drone/environment/path.dsv
-- Symlinking: /home/mouad/drone_ws/install/my_drone/share/my_drone/local_setup.bash
-- Symlinking: /home/mouad/drone_ws/install/my_drone/share/my_drone/local_setup.sh
-- Symlinking: /home/mouad/drone_ws/install/my_drone/share/my_drone/local_setup.zsh
-- Symlinking: /home/mouad/drone_ws/install/my_drone/share/my_drone/local_setup.dsv
-- Symlinking: /home/mouad/drone_ws/install/my_drone/share/my_drone/package.dsv
-- Symlinking: /home/mouad/drone_ws/install/my_drone/share/ament_index/resource_index/packages/my_drone
-- Symlinking: /home/mouad/drone_ws/install/my_drone/share/my_drone/cmake/my_droneConfig.cmake
-- Symlinking: /home/mouad/drone_ws/install/my_drone/share/my_drone/cmake/my_droneConfig-version.cmake
-- Symlinking: /home/mouad/drone_ws/install/my_drone/share/my_drone/package.xml
