[0.009s] Invoking command in '/home/mouad/drone_ws/build/my_drone': CMAKE_PREFIX_PATH=/opt/ros/humble /usr/bin/cmake /home/mouad/drone_ws/src/my_drone -DAMENT_CMAKE_SYMLINK_INSTALL=1 -DCMAKE_INSTALL_PREFIX=/home/mouad/drone_ws/install/my_drone
[0.020s] -- Found ament_cmake: 1.3.11 (/opt/ros/humble/share/ament_cmake/cmake)
[0.128s] -- Override CMake install command with custom implementation using symlinks instead of copying resources
[0.137s] -- Found rclcpp: 16.0.12 (/opt/ros/humble/share/rclcpp/cmake)
[0.167s] -- Found rosidl_generator_c: 3.1.6 (/opt/ros/humble/share/rosidl_generator_c/cmake)
[0.170s] -- Found rosidl_adapter: 3.1.6 (/opt/ros/humble/share/rosidl_adapter/cmake)
[0.175s] -- Found rosidl_generator_cpp: 3.1.6 (/opt/ros/humble/share/rosidl_generator_cpp/cmake)
[0.184s] -- Using all available rosidl_typesupport_c: rosidl_typesupport_fastrtps_c;rosidl_typesupport_introspection_c
[0.195s] -- Using all available rosidl_typesupport_cpp: rosidl_typesupport_fastrtps_cpp;rosidl_typesupport_introspection_cpp
[0.226s] -- Found rmw_implementation_cmake: 6.1.2 (/opt/ros/humble/share/rmw_implementation_cmake/cmake)
[0.227s] -- Found rmw_fastrtps_cpp: 6.2.7 (/opt/ros/humble/share/rmw_fastrtps_cpp/cmake)
[0.313s] -- Using RMW implementation 'rmw_fastrtps_cpp' as default
[0.365s] -- Found ros_gz_sim: 0.244.16 (/opt/ros/humble/share/ros_gz_sim/cmake)
[0.367s] -- Found ros_gz_bridge: 0.244.16 (/opt/ros/humble/share/ros_gz_bridge/cmake)
[0.406s] -- Found Protobuf: /usr/lib/x86_64-linux-gnu/libprotobuf.so (found suitable version "3.12.4", minimum required is "3") 
[0.483s] -- Found Protobuf: /usr/lib/x86_64-linux-gnu/libprotobuf.so (found version "3.12.4") 
[0.837s] -- Configuring done
[0.842s] -- Generating done
[0.845s] -- Build files have been written to: /home/mouad/drone_ws/build/my_drone
[0.854s] Invoked command in '/home/mouad/drone_ws/build/my_drone' returned '0': CMAKE_PREFIX_PATH=/opt/ros/humble /usr/bin/cmake /home/mouad/drone_ws/src/my_drone -DAMENT_CMAKE_SYMLINK_INSTALL=1 -DCMAKE_INSTALL_PREFIX=/home/mouad/drone_ws/install/my_drone
[0.856s] Invoking command in '/home/mouad/drone_ws/build/my_drone': CMAKE_PREFIX_PATH=/opt/ros/humble /usr/bin/cmake --build /home/mouad/drone_ws/build/my_drone -- -j8 -l8
[0.893s] Invoked command in '/home/mouad/drone_ws/build/my_drone' returned '0': CMAKE_PREFIX_PATH=/opt/ros/humble /usr/bin/cmake --build /home/mouad/drone_ws/build/my_drone -- -j8 -l8
[0.902s] Invoking command in '/home/mouad/drone_ws/build/my_drone': CMAKE_PREFIX_PATH=/opt/ros/humble /usr/bin/cmake --install /home/mouad/drone_ws/build/my_drone
[0.908s] -- Install configuration: ""
[0.908s] -- Execute custom install script
[0.909s] -- Symlinking: /home/mouad/drone_ws/install/my_drone/share/my_drone/launch/drone_sim.launch.py
[0.916s] -- Symlinking: /home/mouad/drone_ws/install/my_drone/share/my_drone/models/my_drone/model.config
[0.923s] -- Symlinking: /home/mouad/drone_ws/install/my_drone/share/my_drone/models/my_drone/model.sdf
[0.931s] -- Symlinking: /home/mouad/drone_ws/install/my_drone/share/ament_index/resource_index/package_run_dependencies/my_drone
[0.938s] -- Symlinking: /home/mouad/drone_ws/install/my_drone/share/ament_index/resource_index/parent_prefix_path/my_drone
[0.945s] -- Symlinking: /home/mouad/drone_ws/install/my_drone/share/my_drone/environment/ament_prefix_path.sh
[0.952s] -- Symlinking: /home/mouad/drone_ws/install/my_drone/share/my_drone/environment/ament_prefix_path.dsv
[0.959s] -- Symlinking: /home/mouad/drone_ws/install/my_drone/share/my_drone/environment/path.sh
[0.966s] -- Symlinking: /home/mouad/drone_ws/install/my_drone/share/my_drone/environment/path.dsv
[0.974s] -- Symlinking: /home/mouad/drone_ws/install/my_drone/share/my_drone/local_setup.bash
[0.981s] -- Symlinking: /home/mouad/drone_ws/install/my_drone/share/my_drone/local_setup.sh
[0.989s] -- Symlinking: /home/mouad/drone_ws/install/my_drone/share/my_drone/local_setup.zsh
[1.001s] -- Symlinking: /home/mouad/drone_ws/install/my_drone/share/my_drone/local_setup.dsv
[1.011s] -- Symlinking: /home/mouad/drone_ws/install/my_drone/share/my_drone/package.dsv
[1.020s] -- Symlinking: /home/mouad/drone_ws/install/my_drone/share/ament_index/resource_index/packages/my_drone
[1.030s] -- Symlinking: /home/mouad/drone_ws/install/my_drone/share/my_drone/cmake/my_droneConfig.cmake
[1.039s] -- Symlinking: /home/mouad/drone_ws/install/my_drone/share/my_drone/cmake/my_droneConfig-version.cmake
[1.048s] -- Symlinking: /home/mouad/drone_ws/install/my_drone/share/my_drone/package.xml
[1.058s] Invoked command in '/home/mouad/drone_ws/build/my_drone' returned '0': CMAKE_PREFIX_PATH=/opt/ros/humble /usr/bin/cmake --install /home/mouad/drone_ws/build/my_drone
